<?xml version="1.0" encoding="UTF-8"?>
<robot generator="Robot 3.2.2 (Python 3.9.1 on win32)" generated="20201210 12:38:24.026" rpa="false">
<suite id="s1" name="Test suite" source="C:\Users\user\PycharmProjects\pythonProject\Test_suite">
<suite id="s1-s1" name="Test suite" source="C:\Users\user\PycharmProjects\pythonProject\Test_suite\Test_suite.robot">
<test id="s1-s1-t1" name="Login invalid username and password">
<kw name="Open Browser" library="SeleniumLibrary">
<doc>Opens a new browser instance to the optional ``url``.</doc>
<arguments>
<arg>https://www.saucedemo.com/</arg>
<arg>chrome</arg>
</arguments>
<msg timestamp="20201210 12:38:24.702" level="INFO">Opening browser 'chrome' to base url 'https://www.saucedemo.com/'.</msg>
<status status="PASS" starttime="20201210 12:38:24.702" endtime="20201210 12:38:31.073"></status>
</kw>
<kw name="Set Browser Implicit Wait" library="SeleniumLibrary">
<doc>Sets the implicit wait value used by Selenium.</doc>
<arguments>
<arg>5</arg>
</arguments>
<status status="PASS" starttime="20201210 12:38:31.077" endtime="20201210 12:38:31.081"></status>
</kw>
<kw name="Input Text" library="SeleniumLibrary">
<doc>Types the given ``text`` into the text field identified by ``locator``.</doc>
<arguments>
<arg>id=user-name</arg>
<arg>shubham</arg>
</arguments>
<msg timestamp="20201210 12:38:31.083" level="INFO">Typing text 'shubham' into text field 'id=user-name'.</msg>
<status status="PASS" starttime="20201210 12:38:31.082" endtime="20201210 12:38:31.216"></status>
</kw>
<kw name="Input Password" library="SeleniumLibrary">
<doc>Types the given password into the text field identified by ``locator``.</doc>
<arguments>
<arg>id=password</arg>
<arg>1234</arg>
</arguments>
<msg timestamp="20201210 12:38:31.217" level="INFO">Typing password into text field 'id=password'.</msg>
<msg timestamp="20201210 12:38:31.261" level="INFO">Temporally setting log level to: NONE</msg>
<msg timestamp="20201210 12:38:31.313" level="INFO">Log level changed from NONE to INFO.</msg>
<status status="PASS" starttime="20201210 12:38:31.217" endtime="20201210 12:38:31.313"></status>
</kw>
<kw name="Click Button" library="SeleniumLibrary">
<doc>Clicks the button identified by ``locator``.</doc>
<arguments>
<arg>id=login-button</arg>
</arguments>
<msg timestamp="20201210 12:38:31.314" level="INFO">Clicking button 'id=login-button'.</msg>
<status status="PASS" starttime="20201210 12:38:31.313" endtime="20201210 12:38:31.380"></status>
</kw>
<status status="PASS" starttime="20201210 12:38:24.701" endtime="20201210 12:38:31.381" critical="yes"></status>
</test>
<test id="s1-s1-t2" name="Login valid username and password">
<kw name="Input Text" library="SeleniumLibrary">
<doc>Types the given ``text`` into the text field identified by ``locator``.</doc>
<arguments>
<arg>id=user-name</arg>
<arg>standard_user</arg>
</arguments>
<msg timestamp="20201210 12:38:31.384" level="INFO">Typing text 'standard_user' into text field 'id=user-name'.</msg>
<status status="PASS" starttime="20201210 12:38:31.383" endtime="20201210 12:38:31.474"></status>
</kw>
<kw name="Input Password" library="SeleniumLibrary">
<doc>Types the given password into the text field identified by ``locator``.</doc>
<arguments>
<arg>id=password</arg>
<arg>secret_sauce</arg>
</arguments>
<msg timestamp="20201210 12:38:31.476" level="INFO">Typing password into text field 'id=password'.</msg>
<msg timestamp="20201210 12:38:31.501" level="INFO">Temporally setting log level to: NONE</msg>
<msg timestamp="20201210 12:38:31.554" level="INFO">Log level changed from NONE to INFO.</msg>
<status status="PASS" starttime="20201210 12:38:31.475" endtime="20201210 12:38:31.555"></status>
</kw>
<kw name="Click Button" library="SeleniumLibrary">
<doc>Clicks the button identified by ``locator``.</doc>
<arguments>
<arg>id=login-button</arg>
</arguments>
<msg timestamp="20201210 12:38:31.555" level="INFO">Clicking button 'id=login-button'.</msg>
<status status="PASS" starttime="20201210 12:38:31.555" endtime="20201210 12:38:34.543"></status>
</kw>
<status status="PASS" starttime="20201210 12:38:31.382" endtime="20201210 12:38:34.544" critical="yes"></status>
</test>
<test id="s1-s1-t3" name="Product details">
<kw name="Click Element" library="SeleniumLibrary">
<doc>Click the element identified by ``locator``.</doc>
<arguments>
<arg>id=item_4_title_link</arg>
</arguments>
<msg timestamp="20201210 12:38:34.546" level="INFO">Clicking element 'id=item_4_title_link'.</msg>
<status status="PASS" starttime="20201210 12:38:34.546" endtime="20201210 12:38:35.110"></status>
</kw>
<status status="PASS" starttime="20201210 12:38:34.545" endtime="20201210 12:38:35.111" critical="yes"></status>
</test>
<test id="s1-s1-t4" name="Add product to basket">
<kw name="Click Button" library="SeleniumLibrary">
<doc>Clicks the button identified by ``locator``.</doc>
<arguments>
<arg>xpath=//button[@class="btn_primary btn_inventory"]</arg>
</arguments>
<msg timestamp="20201210 12:38:35.115" level="INFO">Clicking button 'xpath=//button[@class="btn_primary btn_inventory"]'.</msg>
<status status="PASS" starttime="20201210 12:38:35.114" endtime="20201210 12:38:35.193"></status>
</kw>
<status status="PASS" starttime="20201210 12:38:35.113" endtime="20201210 12:38:35.193" critical="yes"></status>
</test>
<test id="s1-s1-t5" name="Verfiy the product">
<kw name="Click Element" library="SeleniumLibrary">
<doc>Click the element identified by ``locator``.</doc>
<arguments>
<arg>xpath=//a[@class='shopping_cart_link fa-layers fa-fw']</arg>
</arguments>
<msg timestamp="20201210 12:38:35.196" level="INFO">Clicking element 'xpath=//a[@class='shopping_cart_link fa-layers fa-fw']'.</msg>
<status status="PASS" starttime="20201210 12:38:35.196" endtime="20201210 12:38:35.428"></status>
</kw>
<status status="PASS" starttime="20201210 12:38:35.195" endtime="20201210 12:38:35.430" critical="yes"></status>
</test>
<test id="s1-s1-t6" name="Checkout the product">
<kw name="Click Element" library="SeleniumLibrary">
<doc>Click the element identified by ``locator``.</doc>
<arguments>
<arg>xpath=//a[@class='btn_action checkout_button']</arg>
</arguments>
<msg timestamp="20201210 12:38:35.433" level="INFO">Clicking element 'xpath=//a[@class='btn_action checkout_button']'.</msg>
<status status="PASS" starttime="20201210 12:38:35.433" endtime="20201210 12:38:35.646"></status>
</kw>
<status status="PASS" starttime="20201210 12:38:35.431" endtime="20201210 12:38:35.647" critical="yes"></status>
</test>
<test id="s1-s1-t7" name="Fill the details">
<kw name="Input Text" library="SeleniumLibrary">
<doc>Types the given ``text`` into the text field identified by ``locator``.</doc>
<arguments>
<arg>id=first-name</arg>
<arg>Shubham</arg>
</arguments>
<msg timestamp="20201210 12:38:35.649" level="INFO">Typing text 'Shubham' into text field 'id=first-name'.</msg>
<status status="PASS" starttime="20201210 12:38:35.649" endtime="20201210 12:38:35.768"></status>
</kw>
<kw name="Input Text" library="SeleniumLibrary">
<doc>Types the given ``text`` into the text field identified by ``locator``.</doc>
<arguments>
<arg>id=last-name</arg>
<arg>Hiremath</arg>
</arguments>
<msg timestamp="20201210 12:38:35.769" level="INFO">Typing text 'Hiremath' into text field 'id=last-name'.</msg>
<status status="PASS" starttime="20201210 12:38:35.768" endtime="20201210 12:38:35.883"></status>
</kw>
<kw name="Input Text" library="SeleniumLibrary">
<doc>Types the given ``text`` into the text field identified by ``locator``.</doc>
<arguments>
<arg>id=postal-code</arg>
<arg>590005</arg>
</arguments>
<msg timestamp="20201210 12:38:35.883" level="INFO">Typing text '590005' into text field 'id=postal-code'.</msg>
<status status="PASS" starttime="20201210 12:38:35.883" endtime="20201210 12:38:35.973"></status>
</kw>
<kw name="Click Element" library="SeleniumLibrary">
<doc>Click the element identified by ``locator``.</doc>
<arguments>
<arg>xpath=//input[@value='CONTINUE']</arg>
</arguments>
<msg timestamp="20201210 12:38:35.974" level="INFO">Clicking element 'xpath=//input[@value='CONTINUE']'.</msg>
<status status="PASS" starttime="20201210 12:38:35.974" endtime="20201210 12:38:36.225"></status>
</kw>
<status status="PASS" starttime="20201210 12:38:35.648" endtime="20201210 12:38:36.226" critical="yes"></status>
</test>
<test id="s1-s1-t8" name="Confirmation message">
<kw name="Click Element" library="SeleniumLibrary">
<doc>Click the element identified by ``locator``.</doc>
<arguments>
<arg>xpath=//a[@class='btn_action cart_button']</arg>
</arguments>
<msg timestamp="20201210 12:38:36.230" level="INFO">Clicking element 'xpath=//a[@class='btn_action cart_button']'.</msg>
<status status="PASS" starttime="20201210 12:38:36.230" endtime="20201210 12:38:37.492"></status>
</kw>
<status status="PASS" starttime="20201210 12:38:36.229" endtime="20201210 12:38:37.493" critical="yes"></status>
</test>
<status status="PASS" starttime="20201210 12:38:24.075" endtime="20201210 12:38:37.495"></status>
</suite>
<status status="PASS" starttime="20201210 12:38:24.029" endtime="20201210 12:38:37.500"></status>
</suite>
<statistics>
<total>
<stat pass="8" fail="0">Critical Tests</stat>
<stat pass="8" fail="0">All Tests</stat>
</total>
<tag>
</tag>
<suite>
<stat pass="8" fail="0" id="s1" name="Test suite">Test suite</stat>
<stat pass="8" fail="0" id="s1-s1" name="Test suite">Test suite.Test suite</stat>
</suite>
</statistics>
<errors>
</errors>
</robot>
